<?xml version="1.0" encoding="UTF-8"?>
<!-- Generated by org.testng.reporters.JUnitXMLReporter -->
<testsuite ignored="0" hostname="LAPTOP-DOBLN3AU" failures="0" tests="2" name="AddrressBookContact" time="13.244" errors="0" timestamp="28 Nov 2021 16:57:02 GMT">
  <testcase classname="com.addrBook.Tests.ValidateNewContactTest" name="clickNewTest" time="1.666"/>
  <testcase classname="com.addrBook.Tests.ValidateNewContactTest" name="createcontacttest" time="2.167"/>
</testsuite> <!-- AddrressBookContact -->
