<?xml version="1.0" encoding="UTF-8"?>
<!-- Generated by org.testng.reporters.JUnitXMLReporter -->
<testsuite ignored="0" hostname="LAPTOP-DOBLN3AU" failures="0" tests="2" name="AddrressBookTableentry" time="14.818" errors="0" timestamp="28 Nov 2021 16:56:49 GMT">
  <testcase classname="com.addrBook.Tests.ValidateTableEntryTest" name="emailClickTest" time="3.628"/>
  <testcase classname="com.addrBook.Tests.ValidateTableEntryTest" name="fetchPhonenumberTest" time="2.054"/>
</testsuite> <!-- AddrressBookTableentry -->
