<?xml version="1.0" encoding="UTF-8"?>
<testng-results ignored="0" total="5" passed="5" failed="0" skipped="0">
  <reporter-output>
  </reporter-output>
  <suite started-at="2021-11-28T22:21:16 IST" name="ContinousTesting" finished-at="2021-11-28T22:21:46 IST" duration-ms="30592">
    <groups>
    </groups>
    <test started-at="2021-11-28T22:21:16 IST" name="AddrressBookTitle" finished-at="2021-11-28T22:21:23 IST" duration-ms="7420">
      <class name="com.addrBook.Tests.ValidateURLTitleTest">
        <test-method is-config="true" signature="openBrowser()[pri:0, instance:com.addrBook.Tests.ValidateURLTitleTest@3e84448c]" started-at="2021-11-28T22:21:16 IST" name="openBrowser" finished-at="2021-11-28T22:21:22 IST" duration-ms="6296" status="PASS">
          <reporter-output>
          </reporter-output>
        </test-method> <!-- openBrowser -->
        <test-method signature="validateTitleTest()[pri:0, instance:com.addrBook.Tests.ValidateURLTitleTest@3e84448c]" started-at="2021-11-28T22:21:22 IST" name="validateTitleTest" finished-at="2021-11-28T22:21:23 IST" duration-ms="550" status="PASS">
          <reporter-output>
          </reporter-output>
        </test-method> <!-- validateTitleTest -->
        <test-method is-config="true" signature="closebrowser()[pri:0, instance:com.addrBook.Tests.ValidateURLTitleTest@3e84448c]" started-at="2021-11-28T22:21:23 IST" name="closebrowser" finished-at="2021-11-28T22:21:23 IST" duration-ms="529" status="PASS">
          <reporter-output>
          </reporter-output>
        </test-method> <!-- closebrowser -->
      </class> <!-- com.addrBook.Tests.ValidateURLTitleTest -->
    </test> <!-- AddrressBookTitle -->
    <test started-at="2021-11-28T22:21:23 IST" name="AddrressBookTableentry" finished-at="2021-11-28T22:21:37 IST" duration-ms="13284">
      <class name="com.addrBook.Tests.ValidateTableEntryTest">
        <test-method is-config="true" signature="openBrowser()[pri:0, instance:com.addrBook.Tests.ValidateTableEntryTest@66d3eec0]" started-at="2021-11-28T22:21:23 IST" name="openBrowser" finished-at="2021-11-28T22:21:29 IST" duration-ms="5334" status="PASS">
          <reporter-output>
          </reporter-output>
        </test-method> <!-- openBrowser -->
        <test-method signature="emailClickTest()[pri:49, instance:com.addrBook.Tests.ValidateTableEntryTest@66d3eec0]" started-at="2021-11-28T22:21:29 IST" name="emailClickTest" finished-at="2021-11-28T22:21:32 IST" duration-ms="3612" status="PASS">
          <reporter-output>
          </reporter-output>
        </test-method> <!-- emailClickTest -->
        <test-method signature="fetchPhonenumberTest()[pri:50, instance:com.addrBook.Tests.ValidateTableEntryTest@66d3eec0]" started-at="2021-11-28T22:21:32 IST" name="fetchPhonenumberTest" finished-at="2021-11-28T22:21:32 IST" duration-ms="78" status="PASS">
          <reporter-output>
          </reporter-output>
        </test-method> <!-- fetchPhonenumberTest -->
        <test-method is-config="true" signature="closebrowser()[pri:0, instance:com.addrBook.Tests.ValidateTableEntryTest@66d3eec0]" started-at="2021-11-28T22:21:32 IST" name="closebrowser" finished-at="2021-11-28T22:21:37 IST" duration-ms="4252" status="PASS">
          <reporter-output>
          </reporter-output>
        </test-method> <!-- closebrowser -->
      </class> <!-- com.addrBook.Tests.ValidateTableEntryTest -->
    </test> <!-- AddrressBookTableentry -->
    <test started-at="2021-11-28T22:21:37 IST" name="AddrressBookContact" finished-at="2021-11-28T22:21:46 IST" duration-ms="9779">
      <class name="com.addrBook.Tests.ValidateNewContactTest">
        <test-method is-config="true" signature="OpenBrowser()[pri:0, instance:com.addrBook.Tests.ValidateNewContactTest@52af26ee]" started-at="2021-11-28T22:21:37 IST" name="OpenBrowser" finished-at="2021-11-28T22:21:42 IST" duration-ms="5445" status="PASS">
          <reporter-output>
          </reporter-output>
        </test-method> <!-- OpenBrowser -->
        <test-method signature="clickNewTest()[pri:49, instance:com.addrBook.Tests.ValidateNewContactTest@52af26ee]" started-at="2021-11-28T22:21:42 IST" name="clickNewTest" finished-at="2021-11-28T22:21:43 IST" duration-ms="545" status="PASS">
          <reporter-output>
          </reporter-output>
        </test-method> <!-- clickNewTest -->
        <test-method signature="createcontacttest(java.lang.String,java.lang.String,java.lang.String,java.lang.String,java.lang.String)[pri:50, instance:com.addrBook.Tests.ValidateNewContactTest@52af26ee]" started-at="2021-11-28T22:21:43 IST" name="createcontacttest" finished-at="2021-11-28T22:21:46 IST" duration-ms="3209" status="PASS">
          <params>
            <param index="0">
              <value>
                <![CDATA[Sonal]]>
              </value>
            </param>
            <param index="1">
              <value>
                <![CDATA[Mittal]]>
              </value>
            </param>
            <param index="2">
              <value>
                <![CDATA[+ 358 555 853]]>
              </value>
            </param>
            <param index="3">
              <value>
                <![CDATA[george@white.com]]>
              </value>
            </param>
            <param index="4">
              <value>
                <![CDATA[6/11/59,]]>
              </value>
            </param>
          </params>
          <reporter-output>
          </reporter-output>
        </test-method> <!-- createcontacttest -->
        <test-method is-config="true" signature="closeBrowser()[pri:0, instance:com.addrBook.Tests.ValidateNewContactTest@52af26ee]" started-at="2021-11-28T22:21:46 IST" name="closeBrowser" finished-at="2021-11-28T22:21:46 IST" duration-ms="570" status="PASS">
          <reporter-output>
          </reporter-output>
        </test-method> <!-- closeBrowser -->
      </class> <!-- com.addrBook.Tests.ValidateNewContactTest -->
    </test> <!-- AddrressBookContact -->
  </suite> <!-- ContinousTesting -->
</testng-results>
