<?xml version="1.0" encoding="UTF-8"?>
<!-- Generated by org.testng.reporters.JUnitXMLReporter -->
<testsuite ignored="0" hostname="LAPTOP-DOBLN3AU" failures="0" tests="2" name="AddrressBookTableentry" time="13.284" errors="0" timestamp="2021-11-28T22:21:37 IST">
  <testcase classname="com.addrBook.Tests.ValidateTableEntryTest" name="emailClickTest" time="3.612"/>
  <testcase classname="com.addrBook.Tests.ValidateTableEntryTest" name="fetchPhonenumberTest" time="0.078"/>
</testsuite> <!-- AddrressBookTableentry -->
