<?xml version="1.0" encoding="UTF-8"?>
<!-- Generated by org.testng.reporters.JUnitXMLReporter -->
<testsuite ignored="0" hostname="LAPTOP-DOBLN3AU" failures="0" tests="2" name="AddrressBookContact" time="9.779" errors="0" timestamp="2021-11-28T22:21:46 IST">
  <testcase classname="com.addrBook.Tests.ValidateNewContactTest" name="clickNewTest" time="0.545"/>
  <testcase classname="com.addrBook.Tests.ValidateNewContactTest" name="createcontacttest" time="3.209"/>
</testsuite> <!-- AddrressBookContact -->
